<?xml version="1.0" encoding="UTF-8"?>
<coverage generated="1633054989973" clover="3.2.0">
  <project timestamp="1633054989973" name="All files">
    <metrics statements="17" coveredstatements="14" conditionals="6" coveredconditionals="6" methods="10" coveredmethods="7" elements="33" coveredelements="27" complexity="0" loc="17" ncloc="17" packages="1" files="5" classes="5"/>
    <file name="expect-extend.js" path="/Users/mingruiwei/myCode/jest-demo/expect-extend.js">
      <metrics statements="7" coveredstatements="5" conditionals="4" coveredconditionals="4" methods="3" coveredmethods="1"/>
      <line num="1" count="1" type="stmt"/>
      <line num="3" count="4" type="cond" truecount="2" falsecount="0"/>
      <line num="4" count="4" type="cond" truecount="2" falsecount="0"/>
      <line num="5" count="2" type="stmt"/>
      <line num="7" count="0" type="stmt"/>
      <line num="11" count="2" type="stmt"/>
      <line num="13" count="0" type="stmt"/>
    </file>
    <file name="foo-bar-baz.js" path="/Users/mingruiwei/myCode/jest-demo/foo-bar-baz.js">
      <metrics statements="3" coveredstatements="2" conditionals="0" coveredconditionals="0" methods="2" coveredmethods="1"/>
      <line num="2" count="1" type="stmt"/>
      <line num="3" count="1" type="stmt"/>
      <line num="4" count="0" type="stmt"/>
    </file>
    <file name="sum.js" path="/Users/mingruiwei/myCode/jest-demo/sum.js">
      <metrics statements="2" coveredstatements="2" conditionals="0" coveredconditionals="0" methods="1" coveredmethods="1"/>
      <line num="2" count="1" type="stmt"/>
      <line num="4" count="2" type="stmt"/>
    </file>
    <file name="timerGame.js" path="/Users/mingruiwei/myCode/jest-demo/timerGame.js">
      <metrics statements="4" coveredstatements="4" conditionals="2" coveredconditionals="2" methods="2" coveredmethods="2"/>
      <line num="2" count="1" type="stmt"/>
      <line num="3" count="1" type="stmt"/>
      <line num="4" count="1" type="stmt"/>
      <line num="5" count="1" type="cond" truecount="2" falsecount="0"/>
    </file>
    <file name="users.js" path="/Users/mingruiwei/myCode/jest-demo/users.js">
      <metrics statements="1" coveredstatements="1" conditionals="0" coveredconditionals="0" methods="2" coveredmethods="2"/>
      <line num="5" count="1" type="stmt"/>
    </file>
  </project>
</coverage>
