{"/Users/mingruiwei/myCode/jest-demo/expect-extend.js": {"path":"/Users/mingruiwei/myCode/jest-demo/expect-extend.js","statementMap":{"0":{"start":{"line":1,"column":0},"end":{"line":18,"column":3}},"1":{"start":{"line":3,"column":17},"end":{"line":3,"column":57}},"2":{"start":{"line":4,"column":4},"end":{"line":16,"column":5}},"3":{"start":{"line":5,"column":6},"end":{"line":9,"column":8}},"4":{"start":{"line":7,"column":10},"end":{"line":7,"column":77}},"5":{"start":{"line":11,"column":6},"end":{"line":15,"column":8}},"6":{"start":{"line":13,"column":10},"end":{"line":13,"column":73}}},"fnMap":{"0":{"name":"(anonymous_0)","decl":{"start":{"line":2,"column":2},"end":{"line":2,"column":3}},"loc":{"start":{"line":2,"column":44},"end":{"line":17,"column":3}},"line":2},"1":{"name":"(anonymous_1)","decl":{"start":{"line":6,"column":17},"end":{"line":6,"column":18}},"loc":{"start":{"line":7,"column":10},"end":{"line":7,"column":77}},"line":7},"2":{"name":"(anonymous_2)","decl":{"start":{"line":12,"column":17},"end":{"line":12,"column":18}},"loc":{"start":{"line":13,"column":10},"end":{"line":13,"column":73}},"line":13}},"branchMap":{"0":{"loc":{"start":{"line":3,"column":17},"end":{"line":3,"column":57}},"type":"binary-expr","locations":[{"start":{"line":3,"column":17},"end":{"line":3,"column":34}},{"start":{"line":3,"column":38},"end":{"line":3,"column":57}}],"line":3},"1":{"loc":{"start":{"line":4,"column":4},"end":{"line":16,"column":5}},"type":"if","locations":[{"start":{"line":4,"column":4},"end":{"line":16,"column":5}},{"start":{"line":4,"column":4},"end":{"line":16,"column":5}}],"line":4}},"s":{"0":1,"1":4,"2":4,"3":2,"4":0,"5":2,"6":0},"f":{"0":4,"1":0,"2":0},"b":{"0":[4,3],"1":[2,2]},"_coverageSchema":"1a1c01bbd47fc00a2c39e90264f33305004495a9","hash":"4db6966c59c787c0ab44cacd731199dcae9640f4"}
,"/Users/mingruiwei/myCode/jest-demo/foo-bar-baz.js": {"path":"/Users/mingruiwei/myCode/jest-demo/foo-bar-baz.js","statementMap":{"0":{"start":{"line":2,"column":19},"end":{"line":2,"column":24}},"1":{"start":{"line":3,"column":19},"end":{"line":3,"column":30}},"2":{"start":{"line":3,"column":25},"end":{"line":3,"column":30}},"3":{"start":{"line":4,"column":21},"end":{"line":4,"column":26}}},"fnMap":{"0":{"name":"(anonymous_0)","decl":{"start":{"line":3,"column":19},"end":{"line":3,"column":20}},"loc":{"start":{"line":3,"column":25},"end":{"line":3,"column":30}},"line":3},"1":{"name":"(anonymous_1)","decl":{"start":{"line":4,"column":15},"end":{"line":4,"column":16}},"loc":{"start":{"line":4,"column":21},"end":{"line":4,"column":26}},"line":4}},"branchMap":{},"s":{"0":1,"1":1,"2":1,"3":0},"f":{"0":1,"1":0},"b":{},"_coverageSchema":"1a1c01bbd47fc00a2c39e90264f33305004495a9","hash":"fd39353f5bbf5e9dfbfe0f9d159d49cff0a6f667"}
,"/Users/mingruiwei/myCode/jest-demo/sum.js": {"path":"/Users/mingruiwei/myCode/jest-demo/sum.js","statementMap":{"0":{"start":{"line":2,"column":2},"end":{"line":2,"column":15}},"1":{"start":{"line":4,"column":0},"end":{"line":4,"column":21}}},"fnMap":{"0":{"name":"sum","decl":{"start":{"line":1,"column":9},"end":{"line":1,"column":12}},"loc":{"start":{"line":1,"column":19},"end":{"line":3,"column":1}},"line":1}},"branchMap":{},"s":{"0":1,"1":2},"f":{"0":1},"b":{},"_coverageSchema":"1a1c01bbd47fc00a2c39e90264f33305004495a9","hash":"a6b656920187502deb8502f974df30ed9cdf9e4a"}
,"/Users/mingruiwei/myCode/jest-demo/timerGame.js": {"path":"/Users/mingruiwei/myCode/jest-demo/timerGame.js","statementMap":{"0":{"start":{"line":2,"column":2},"end":{"line":2,"column":30}},"1":{"start":{"line":3,"column":2},"end":{"line":6,"column":11}},"2":{"start":{"line":4,"column":4},"end":{"line":4,"column":38}},"3":{"start":{"line":5,"column":4},"end":{"line":5,"column":27}}},"fnMap":{"0":{"name":"timerGame","decl":{"start":{"line":1,"column":16},"end":{"line":1,"column":25}},"loc":{"start":{"line":1,"column":36},"end":{"line":7,"column":1}},"line":1},"1":{"name":"(anonymous_1)","decl":{"start":{"line":3,"column":13},"end":{"line":3,"column":14}},"loc":{"start":{"line":3,"column":19},"end":{"line":6,"column":3}},"line":3}},"branchMap":{"0":{"loc":{"start":{"line":5,"column":4},"end":{"line":5,"column":26}},"type":"binary-expr","locations":[{"start":{"line":5,"column":4},"end":{"line":5,"column":12}},{"start":{"line":5,"column":16},"end":{"line":5,"column":26}}],"line":5}},"s":{"0":1,"1":1,"2":1,"3":1},"f":{"0":1,"1":1},"b":{"0":[1,1]},"_coverageSchema":"1a1c01bbd47fc00a2c39e90264f33305004495a9","hash":"14e7bc91b23a32739b105e2b07b79dfd72bac366"}
,"/Users/mingruiwei/myCode/jest-demo/users.js": {"path":"/Users/mingruiwei/myCode/jest-demo/users.js","statementMap":{"0":{"start":{"line":5,"column":4},"end":{"line":5,"column":60}},"1":{"start":{"line":5,"column":49},"end":{"line":5,"column":58}}},"fnMap":{"0":{"name":"(anonymous_0)","decl":{"start":{"line":4,"column":2},"end":{"line":4,"column":3}},"loc":{"start":{"line":4,"column":15},"end":{"line":6,"column":3}},"line":4},"1":{"name":"(anonymous_1)","decl":{"start":{"line":5,"column":41},"end":{"line":5,"column":42}},"loc":{"start":{"line":5,"column":49},"end":{"line":5,"column":58}},"line":5}},"branchMap":{},"s":{"0":1,"1":1},"f":{"0":1,"1":1},"b":{},"_coverageSchema":"1a1c01bbd47fc00a2c39e90264f33305004495a9","hash":"822bbdec2028e9f63e7f2acfc125cc1eb805afcb"}
}
