TN:
SF:expect-extend.js
FN:2,(anonymous_0)
FN:6,(anonymous_1)
FN:12,(anonymous_2)
FNF:3
FNH:1
FNDA:4,(anonymous_0)
FNDA:0,(anonymous_1)
FNDA:0,(anonymous_2)
DA:1,1
DA:3,4
DA:4,4
DA:5,2
DA:7,0
DA:11,2
DA:13,0
LF:7
LH:5
BRDA:3,0,0,4
BRDA:3,0,1,3
BRDA:4,1,0,2
BRDA:4,1,1,2
BRF:4
BRH:4
end_of_record
TN:
SF:foo-bar-baz.js
FN:3,(anonymous_0)
FN:4,(anonymous_1)
FNF:2
FNH:1
FNDA:1,(anonymous_0)
FNDA:0,(anonymous_1)
DA:2,1
DA:3,1
DA:4,0
LF:3
LH:2
BRF:0
BRH:0
end_of_record
TN:
SF:sum.js
FN:1,sum
FNF:1
FNH:1
FNDA:1,sum
DA:2,1
DA:4,2
LF:2
LH:2
BRF:0
BRH:0
end_of_record
TN:
SF:timerGame.js
FN:1,timerGame
FN:3,(anonymous_1)
FNF:2
FNH:2
FNDA:1,timerGame
FNDA:1,(anonymous_1)
DA:2,1
DA:3,1
DA:4,1
DA:5,1
LF:4
LH:4
BRDA:5,0,0,1
BRDA:5,0,1,1
BRF:2
BRH:2
end_of_record
TN:
SF:users.js
FN:4,(anonymous_0)
FN:5,(anonymous_1)
FNF:2
FNH:2
FNDA:1,(anonymous_0)
FNDA:1,(anonymous_1)
DA:5,1
LF:1
LH:1
BRF:0
BRH:0
end_of_record
